[debug] [2025-01-20T23:45:31.811Z] ----------------------------------------------------------------------
[debug] [2025-01-20T23:45:31.813Z] Command:       /usr/local/share/nvm/versions/node/v20.18.1/bin/node /home/codespace/nvm/current/bin/firebase login
[debug] [2025-01-20T23:45:31.813Z] CLI Version:   13.29.1
[debug] [2025-01-20T23:45:31.814Z] Platform:      linux
[debug] [2025-01-20T23:45:31.814Z] Node Version:  v20.18.1
[debug] [2025-01-20T23:45:31.814Z] Time:          Mon Jan 20 2025 23:45:31 GMT+0000 (Coordinated Universal Time)
[debug] [2025-01-20T23:45:31.814Z] Env Overrides: GITHUB_API_URL, GITHUB_API_URL
[debug] [2025-01-20T23:45:31.814Z] ----------------------------------------------------------------------
[debug] 
[debug] [2025-01-20T23:45:31.816Z] >>> [apiv2][query] GET https://firebase-public.firebaseio.com/cli.json [none]
[info] i  Firebase optionally collects CLI and Emulator Suite usage and error reporting information to help improve our products. Data is collected in accordance with Google's privacy policy (https://policies.google.com/privacy) and is not used to identify you.
 
[debug] [2025-01-20T23:45:32.432Z] <<< [apiv2][status] GET https://firebase-public.firebaseio.com/cli.json 200
[debug] [2025-01-20T23:45:32.432Z] <<< [apiv2][body] GET https://firebase-public.firebaseio.com/cli.json {"cloudBuildErrorAfter":1594252800000,"cloudBuildWarnAfter":1590019200000,"defaultNode10After":1594252800000,"minVersion":"3.0.5","node8DeploysDisabledAfter":1613390400000,"node8RuntimeDisabledAfter":1615809600000,"node8WarnAfter":1600128000000}
[info] i  To change your data collection preference at any time, run `firebase logout` and log in again. 
[debug] [2025-01-20T23:45:40.069Z] >>> [apiv2][query] POST https://auth.firebase.tools/attest [none]
[debug] [2025-01-20T23:45:40.070Z] >>> [apiv2][body] POST https://auth.firebase.tools/attest {"session_id":"8934a6b4-c4b0-482d-b55b-fc51dc710c85"}
[debug] [2025-01-20T23:45:40.653Z] <<< [apiv2][status] POST https://auth.firebase.tools/attest 200
[debug] [2025-01-20T23:45:40.653Z] <<< [apiv2][body] POST https://auth.firebase.tools/attest {"token":"jjIfgOhO3TlNZ8Gv-B8TlOpepBv3_a6tZiuedsO52ZY"}
[info] 
[info] To sign in to the Firebase CLI:
[info] 
[info] 1. Take note of your session ID:
[info] 
[info]    8934A
[info] 
[info] 2. Visit the URL below on any device and follow the instructions to get your code:
[info] 
[info]    https://auth.firebase.tools/login?code_challenge=K9B80ue8Tir9dMRglWULBRO2cHDYaChdYLKWzgtx6Lc&session=8934a6b4-c4b0-482d-b55b-fc51dc710c85&attest=jjIfgOhO3TlNZ8Gv-B8TlOpepBv3_a6tZiuedsO52ZY
[info] 
[info] 3. Paste or enter the authorization code below once you have it:
[info] 
